📦 2025-08-03 19:04:02.178650 - Webhook recebido:
{
  "ref": "refs/heads/main",
  "before": "abc123",
  "after": "def456",
  "repository": {
    "name": "html-example-site",
    "full_name": "cosmeaf/html-example-site",
    "url": "https://github.com/cosmeaf/html-example-site"
  },
  "pusher": {
    "name": "cosmeaf",
    "email": "cosme@example.com"
  },
  "commits": [
    {
      "id": "def456",
      "message": "Update index.html",
      "timestamp": "2025-08-03T20:00:00Z",
      "url": "https://github.com/cosmeaf/html-example-site/commit/def456",
      "author": {
        "name": "cosmeaf",
        "email": "cosme@example.com"
      }
    }
  ]
}
------------------------------------------------------------
📦 2025-08-03 19:09:26.780939 - Webhook recebido:
{
  "ping": "funciona"
}
------------------------------------------------------------
📦 2025-08-03 19:13:33.553716 - Webhook recebido:
{
  "ref": "refs/heads/main",
  "before": "abc123",
  "after": "def456",
  "repository": {
    "name": "html-example-site",
    "full_name": "cosmeaf/html-example-site",
    "url": "https://github.com/cosmeaf/html-example-site"
  },
  "pusher": {
    "name": "cosmeaf",
    "email": "cosme@example.com"
  },
  "commits": [
    {
      "id": "def456",
      "message": "Update index.html",
      "timestamp": "2025-08-03T20:00:00Z",
      "url": "https://github.com/cosmeaf/html-example-site/commit/def456",
      "author": {
        "name": "cosmeaf",
        "email": "cosme@example.com"
      }
    }
  ]
}
------------------------------------------------------------
