[2025-08-03 19:40:53.710871] PUSH:
{
  "ref": "refs/heads/master",
  "before": "7b46edc9788c5d76e0b9567c3a0056b09d6c009e",
  "after": "a7afec0e72194a85b9d64876b2a94d891f2b8ecb",
  "repository": {
    "id": 1030856845,
    "node_id": "R_kgDOPXGgjQ",
    "name": "html-example-site",
    "full_name": "cosmeaf/html-example-site",
    "private": false,
    "owner": {
      "name": "cosmeaf",
      "email": "45183265+cosmeaf@users.noreply.github.com",
      "login": "cosmeaf",
      "id": 45183265,
      "node_id": "MDQ6VXNlcjQ1MTgzMjY1",
      "avatar_url": "https://avatars.githubusercontent.com/u/45183265?v=4",
      "gravatar_id": "",
      "url": "https://api.github.com/users/cosmeaf",
      "html_url": "https://github.com/cosmeaf",
      "followers_url": "https://api.github.com/users/cosmeaf/followers",
      "following_url": "https://api.github.com/users/cosmeaf/following{/other_user}",
      "gists_url": "https://api.github.com/users/cosmeaf/gists{/gist_id}",
      "starred_url": "https://api.github.com/users/cosmeaf/starred{/owner}{/repo}",
      "subscriptions_url": "https://api.github.com/users/cosmeaf/subscriptions",
      "organizations_url": "https://api.github.com/users/cosmeaf/orgs",
      "repos_url": "https://api.github.com/users/cosmeaf/repos",
      "events_url": "https://api.github.com/users/cosmeaf/events{/privacy}",
      "received_events_url": "https://api.github.com/users/cosmeaf/received_events",
      "type": "User",
      "user_view_type": "public",
      "site_admin": false
    },
    "html_url": "https://github.com/cosmeaf/html-example-site",
    "description": "html-example-site",
    "fork": false,
    "url": "https://api.github.com/repos/cosmeaf/html-example-site",
    "forks_url": "https://api.github.com/repos/cosmeaf/html-example-site/forks",
    "keys_url": "https://api.github.com/repos/cosmeaf/html-example-site/keys{/key_id}",
    "collaborators_url": "https://api.github.com/repos/cosmeaf/html-example-site/collaborators{/collaborator}",
    "teams_url": "https://api.github.com/repos/cosmeaf/html-example-site/teams",
    "hooks_url": "https://api.github.com/repos/cosmeaf/html-example-site/hooks",
    "issue_events_url": "https://api.github.com/repos/cosmeaf/html-example-site/issues/events{/number}",
    "events_url": "https://api.github.com/repos/cosmeaf/html-example-site/events",
    "assignees_url": "https://api.github.com/repos/cosmeaf/html-example-site/assignees{/user}",
    "branches_url": "https://api.github.com/repos/cosmeaf/html-example-site/branches{/branch}",
    "tags_url": "https://api.github.com/repos/cosmeaf/html-example-site/tags",
    "blobs_url": "https://api.github.com/repos/cosmeaf/html-example-site/git/blobs{/sha}",
    "git_tags_url": "https://api.github.com/repos/cosmeaf/html-example-site/git/tags{/sha}",
    "git_refs_url": "https://api.github.com/repos/cosmeaf/html-example-site/git/refs{/sha}",
    "trees_url": "https://api.github.com/repos/cosmeaf/html-example-site/git/trees{/sha}",
    "statuses_url": "https://api.github.com/repos/cosmeaf/html-example-site/statuses/{sha}",
    "languages_url": "https://api.github.com/repos/cosmeaf/html-example-site/languages",
    "stargazers_url": "https://api.github.com/repos/cosmeaf/html-example-site/stargazers",
    "contributors_url": "https://api.github.com/repos/cosmeaf/html-example-site/contributors",
    "subscribers_url": "https://api.github.com/repos/cosmeaf/html-example-site/subscribers",
    "subscription_url": "https://api.github.com/repos/cosmeaf/html-example-site/subscription",
    "commits_url": "https://api.github.com/repos/cosmeaf/html-example-site/commits{/sha}",
    "git_commits_url": "https://api.github.com/repos/cosmeaf/html-example-site/git/commits{/sha}",
    "comments_url": "https://api.github.com/repos/cosmeaf/html-example-site/comments{/number}",
    "issue_comment_url": "https://api.github.com/repos/cosmeaf/html-example-site/issues/comments{/number}",
    "contents_url": "https://api.github.com/repos/cosmeaf/html-example-site/contents/{+path}",
    "compare_url": "https://api.github.com/repos/cosmeaf/html-example-site/compare/{base}...{head}",
    "merges_url": "https://api.github.com/repos/cosmeaf/html-example-site/merges",
    "archive_url": "https://api.github.com/repos/cosmeaf/html-example-site/{archive_format}{/ref}",
    "downloads_url": "https://api.github.com/repos/cosmeaf/html-example-site/downloads",
    "issues_url": "https://api.github.com/repos/cosmeaf/html-example-site/issues{/number}",
    "pulls_url": "https://api.github.com/repos/cosmeaf/html-example-site/pulls{/number}",
    "milestones_url": "https://api.github.com/repos/cosmeaf/html-example-site/milestones{/number}",
    "notifications_url": "https://api.github.com/repos/cosmeaf/html-example-site/notifications{?since,all,participating}",
    "labels_url": "https://api.github.com/repos/cosmeaf/html-example-site/labels{/name}",
    "releases_url": "https://api.github.com/repos/cosmeaf/html-example-site/releases{/id}",
    "deployments_url": "https://api.github.com/repos/cosmeaf/html-example-site/deployments",
    "created_at": 1754141273,
    "updated_at": "2025-08-03T19:38:44Z",
    "pushed_at": 1754250052,
    "git_url": "git://github.com/cosmeaf/html-example-site.git",
    "ssh_url": "git@github.com:cosmeaf/html-example-site.git",
    "clone_url": "https://github.com/cosmeaf/html-example-site.git",
    "svn_url": "https://github.com/cosmeaf/html-example-site",
    "homepage": null,
    "size": 3,
    "stargazers_count": 0,
    "watchers_count": 0,
    "language": "Python",
    "has_issues": true,
    "has_projects": true,
    "has_downloads": true,
    "has_wiki": true,
    "has_pages": false,
    "has_discussions": false,
    "forks_count": 0,
    "mirror_url": null,
    "archived": false,
    "disabled": false,
    "open_issues_count": 0,
    "license": null,
    "allow_forking": true,
    "is_template": false,
    "web_commit_signoff_required": false,
    "topics": [],
    "visibility": "public",
    "forks": 0,
    "open_issues": 0,
    "watchers": 0,
    "default_branch": "master",
    "stargazers": 0,
    "master_branch": "master"
  },
  "pusher": {
    "name": "cosmeaf",
    "email": "45183265+cosmeaf@users.noreply.github.com"
  },
  "sender": {
    "login": "cosmeaf",
    "id": 45183265,
    "node_id": "MDQ6VXNlcjQ1MTgzMjY1",
    "avatar_url": "https://avatars.githubusercontent.com/u/45183265?v=4",
    "gravatar_id": "",
    "url": "https://api.github.com/users/cosmeaf",
    "html_url": "https://github.com/cosmeaf",
    "followers_url": "https://api.github.com/users/cosmeaf/followers",
    "following_url": "https://api.github.com/users/cosmeaf/following{/other_user}",
    "gists_url": "https://api.github.com/users/cosmeaf/gists{/gist_id}",
    "starred_url": "https://api.github.com/users/cosmeaf/starred{/owner}{/repo}",
    "subscriptions_url": "https://api.github.com/users/cosmeaf/subscriptions",
    "organizations_url": "https://api.github.com/users/cosmeaf/orgs",
    "repos_url": "https://api.github.com/users/cosmeaf/repos",
    "events_url": "https://api.github.com/users/cosmeaf/events{/privacy}",
    "received_events_url": "https://api.github.com/users/cosmeaf/received_events",
    "type": "User",
    "user_view_type": "public",
    "site_admin": false
  },
  "created": false,
  "deleted": false,
  "forced": false,
  "base_ref": null,
  "compare": "https://github.com/cosmeaf/html-example-site/compare/7b46edc9788c...a7afec0e7219",
  "commits": [
    {
      "id": "a7afec0e72194a85b9d64876b2a94d891f2b8ecb",
      "tree_id": "4426e42f9c8c66118652504cab13a4612902c246",
      "distinct": true,
      "message": "Fix: Add response webhook",
      "timestamp": "2025-08-03T19:40:48Z",
      "url": "https://github.com/cosmeaf/html-example-site/commit/a7afec0e72194a85b9d64876b2a94d891f2b8ecb",
      "author": {
        "name": "Cosme Alves",
        "email": "cosme.alex@gmail.com",
        "username": "cosmeaf"
      },
      "committer": {
        "name": "Cosme Alves",
        "email": "cosme.alex@gmail.com",
        "username": "cosmeaf"
      },
      "added": [],
      "removed": [],
      "modified": [
        "webhook.py"
      ]
    }
  ],
  "head_commit": {
    "id": "a7afec0e72194a85b9d64876b2a94d891f2b8ecb",
    "tree_id": "4426e42f9c8c66118652504cab13a4612902c246",
    "distinct": true,
    "message": "Fix: Add response webhook",
    "timestamp": "2025-08-03T19:40:48Z",
    "url": "https://github.com/cosmeaf/html-example-site/commit/a7afec0e72194a85b9d64876b2a94d891f2b8ecb",
    "author": {
      "name": "Cosme Alves",
      "email": "cosme.alex@gmail.com",
      "username": "cosmeaf"
    },
    "committer": {
      "name": "Cosme Alves",
      "email": "cosme.alex@gmail.com",
      "username": "cosmeaf"
    },
    "added": [],
    "removed": [],
    "modified": [
      "webhook.py"
    ]
  }
}
------------------------------------------------------------
